Iniciando geração de predições...

>>> Processando: kshot_55_fold_01
Gerando dicionário de rótulos a partir de: data/QEvasionCorpus/few_shot/01/train.json
Dicionário de rótulos criado com sucesso: {'Claims ignorance': 0, 'Clarification': 1, 'Declining to answer': 2, 'Deflection': 3, 'Dodging': 4, 'Explicit': 5, 'General': 6, 'Implicit': 7, 'Partial/half-answer': 8}
Usando GPU: 0
Carregando encoder genérico: /raid/user_beatrizalmeida/models/bge-m3
Carregando teste oficial...
Indexando data/Official_Submission/test.json...
Previsões salvas em: /raid/user_beatrizalmeida/qevasion/QEvasion_Augmented_Results/kshot_55_fold_01/predictions.txt

Resultados Finais do Teste
Test Loss: 0.6619
Test Acc: 0.4977
Test P (macro): 0.4948
Test R (macro): 0.4977
Test F1 (macro): 0.4780
Total de previsões salvas: 30000
Salvo em: /raid/user_beatrizalmeida/qevasion/QEvasion_Augmented_Results/kshot_55_fold_01/official_submission_preds.txt

>>> Processando: kshot_55_fold_02
Gerando dicionário de rótulos a partir de: data/QEvasionCorpus/few_shot/02/train.json
Dicionário de rótulos criado com sucesso: {'Claims ignorance': 0, 'Clarification': 1, 'Declining to answer': 2, 'Deflection': 3, 'Dodging': 4, 'Explicit': 5, 'General': 6, 'Implicit': 7, 'Partial/half-answer': 8}
Usando GPU: 0
Carregando encoder genérico: /raid/user_beatrizalmeida/models/bge-m3
Carregando teste oficial...
Indexando data/Official_Submission/test.json...
Previsões salvas em: /raid/user_beatrizalmeida/qevasion/QEvasion_Augmented_Results/kshot_55_fold_02/predictions.txt

Resultados Finais do Teste
Test Loss: 0.5173
Test Acc: 0.5160
Test P (macro): 0.5194
Test R (macro): 0.5160
Test F1 (macro): 0.4954
Total de previsões salvas: 30000
Salvo em: /raid/user_beatrizalmeida/qevasion/QEvasion_Augmented_Results/kshot_55_fold_02/official_submission_preds.txt

>>> Processando: kshot_55_fold_03
Gerando dicionário de rótulos a partir de: data/QEvasionCorpus/few_shot/03/train.json
Dicionário de rótulos criado com sucesso: {'Claims ignorance': 0, 'Clarification': 1, 'Declining to answer': 2, 'Deflection': 3, 'Dodging': 4, 'Explicit': 5, 'General': 6, 'Implicit': 7, 'Partial/half-answer': 8}
Usando GPU: 0
Carregando encoder genérico: /raid/user_beatrizalmeida/models/bge-m3
Carregando teste oficial...
Indexando data/Official_Submission/test.json...
Previsões salvas em: /raid/user_beatrizalmeida/qevasion/QEvasion_Augmented_Results/kshot_55_fold_03/predictions.txt

Resultados Finais do Teste
Test Loss: 0.5521
Test Acc: 0.4953
Test P (macro): 0.4959
Test R (macro): 0.4953
Test F1 (macro): 0.4747
Total de previsões salvas: 30000
Salvo em: /raid/user_beatrizalmeida/qevasion/QEvasion_Augmented_Results/kshot_55_fold_03/official_submission_preds.txt

>>> Processando: kshot_55_fold_04
Gerando dicionário de rótulos a partir de: data/QEvasionCorpus/few_shot/04/train.json
Dicionário de rótulos criado com sucesso: {'Claims ignorance': 0, 'Clarification': 1, 'Declining to answer': 2, 'Deflection': 3, 'Dodging': 4, 'Explicit': 5, 'General': 6, 'Implicit': 7, 'Partial/half-answer': 8}
Usando GPU: 0
Carregando encoder genérico: /raid/user_beatrizalmeida/models/bge-m3
Carregando teste oficial...
Indexando data/Official_Submission/test.json...
Previsões salvas em: /raid/user_beatrizalmeida/qevasion/QEvasion_Augmented_Results/kshot_55_fold_04/predictions.txt

Resultados Finais do Teste
Test Loss: 0.5499
Test Acc: 0.5006
Test P (macro): 0.5005
Test R (macro): 0.5006
Test F1 (macro): 0.4804
Total de previsões salvas: 30000
Salvo em: /raid/user_beatrizalmeida/qevasion/QEvasion_Augmented_Results/kshot_55_fold_04/official_submission_preds.txt

>>> Processando: kshot_55_fold_05
Gerando dicionário de rótulos a partir de: data/QEvasionCorpus/few_shot/05/train.json
Dicionário de rótulos criado com sucesso: {'Claims ignorance': 0, 'Clarification': 1, 'Declining to answer': 2, 'Deflection': 3, 'Dodging': 4, 'Explicit': 5, 'General': 6, 'Implicit': 7, 'Partial/half-answer': 8}
Usando GPU: 0
Carregando encoder genérico: /raid/user_beatrizalmeida/models/bge-m3
Carregando teste oficial...
Indexando data/Official_Submission/test.json...
Previsões salvas em: /raid/user_beatrizalmeida/qevasion/QEvasion_Augmented_Results/kshot_55_fold_05/predictions.txt

Resultados Finais do Teste
Test Loss: 0.5618
Test Acc: 0.4967
Test P (macro): 0.4950
Test R (macro): 0.4967
Test F1 (macro): 0.4750
Total de previsões salvas: 30000
Salvo em: /raid/user_beatrizalmeida/qevasion/QEvasion_Augmented_Results/kshot_55_fold_05/official_submission_preds.txt
Concluído.
